<?xml version="1.0" encoding="UTF-8"?>
<!-- Generated by org.testng.reporters.JUnitReportReporter -->
<testsuite skipped="0" hostname="LAPTOP-GAPOHHEE" name="test.LoginTest" tests="1" failures="0" timestamp="2021-12-04T11:29:07 CST" time="5.562" errors="0">
  <testcase name="verifiedUserShouldBeAbleToLogin" time="5.562" classname="test.LoginTest"/>
  <system-out/>
</testsuite> <!-- test.LoginTest -->
