<?xml version="1.0" encoding="UTF-8"?>
<!-- Generated by org.testng.reporters.JUnitReportReporter -->
<testsuite skipped="0" hostname="LAPTOP-GAPOHHEE" name="test.AddContactTest" tests="1" failures="0" timestamp="2021-12-06T23:28:39 CST" time="16.288" errors="0">
  <testcase name="verifiedUserShouldBeAbleToAddCustomer" time="16.288" classname="test.AddContactTest"/>
  <system-out/>
</testsuite> <!-- test.AddContactTest -->
